빌드 시작: 2017-08-01 오전 11:55:23
     1>2 노드의 "D:\@SLAM\1implementation\deepsight\lsd_slam_noros-master\build\apps\slam\sample_app.vcxproj" 프로젝트(Build 대상)입니다.
     1>C:\Program Files (x86)\MSBuild\12.0\bin\Microsoft.Common.CurrentVersion.targets(1430,5): warning : The referenced project 'C:/Users/ChurWoong/Desktop/lsd_slam_noros-master/build/lsd_slam/lsd_slam.vcxproj' does not exist.
     1>C:\Program Files (x86)\MSBuild\12.0\bin\Microsoft.Common.CurrentVersion.targets(1430,5): warning : The referenced project 'C:/Users/ChurWoong/Desktop/lsd_slam_noros-master/build/thirdparty/openFabMap/openFABMAP.vcxproj' does not exist.
     1>C:\Program Files (x86)\MSBuild\Microsoft.Cpp\v4.0\V120\Microsoft.CppBuild.targets(357,5): warning MSB8004: Output Directory does not end with a trailing slash.  This build instance will add the slash as it is required to allow proper evaluation of the Output Directory.
     1>ClCompile:
         C:\Program Files (x86)\Microsoft Visual Studio 12.0\VC\bin\CL.exe /c /I../../../lsd_slam /I"../../../build/3rd party/PCL/include" /I"../../../build/3rd party/vtk-7.1.1/include/" /I"../../../build/3rd party/opencv/include/" /I"../../../build/3rd party/opencv/include/opencv/" /I"../../../build/3rd party/g2o/include/" /I"../../../build/3rd party/g2o/include/EXTERNAL/csparse/" /I"../../../thirdparty/eigen-3.2.1/" /I../../../thirdparty/Sophus/ /I../../../thirdparty/openFabMap/include/ /I"../../../thirdparty/dirent-1.20.1/include/" /I"../../../build/3rd party/boost_1_56_0/" /ZI /nologo /W3 /WX- /sdl /MP /Od /Ob0 /Oy- /D WIN32 /D _WINDOWS /D _DEBUG /D "LsdSlam_DIR=\"D:/@SLAM/lsd_slam_noros-master\"" /D WINDOWS /D ENABLE_SSE /D NOMINMAX /D _USE_MATH_DEFINES /D _CRT_SECURE_NO_WARNINGS /D EIGEN_DONT_ALIGN_STATICALLY /D WIN32_LEAN_AND_MEAN /D M_SQRT1_2=0.707106781186547524401 /D M_PI=3.14159265358979323846 /D HAVE_SOLVER_CSPARSE /D HAVE_SOLVER_EIGEN /D HAVE_FABMAP /D "CMAKE_INTDIR=\"Debug\"" /D _MBCS /Gm- /EHsc /RTC1 /MDd /GS /arch:SSE /fp:precise /Zc:wchar_t /Zc:forScope /GR /Fo"sample_app.dir\Debug\\" /Fd"sample_app.dir\Debug\vc120Debug.pdb" /Gd /TP /analyze- /errorReport:prompt ..\..\..\apps\slam\sample_app.cc
         sample_app.cc
     1>d:\@slam\1implementation\deepsight\lsd_slam_noros-master\build\3rd party\opencv\include\opencv2\flann\dist.h : warning C4819: 현재 코드 페이지(949)에서 표시할 수 없는 문자가 파일에 들어 있습니다. 데이터가 손실되지 않게 하려면 해당 파일을 유니코드 형식으로 저장하십시오.
     1>d:\@slam\1implementation\deepsight\lsd_slam_noros-master\lsd_slam\util\settings.h(367): warning C4305: '초기화 중' : 'double'에서 'const float'(으)로 잘립니다.
     1>d:\@slam\1implementation\deepsight\lsd_slam_noros-master\lsd_slam\util\settings.h(380): warning C4305: '=' : 'double'에서 'float'(으)로 잘립니다.
     1>d:\@slam\1implementation\deepsight\lsd_slam_noros-master\lsd_slam\util\settings.h(381): warning C4305: '=' : 'double'에서 'float'(으)로 잘립니다.
     1>d:\@slam\1implementation\deepsight\lsd_slam_noros-master\lsd_slam\util\global_funcs.h(127): warning C4244: '인수' : 'float'에서 'uchar'(으)로 변환하면서 데이터가 손실될 수 있습니다.
     1>d:\@slam\1implementation\deepsight\lsd_slam_noros-master\lsd_slam\slam_system.h(48): warning C4099: 'lsd_slam::LiveSLAMWrapper' : 처음에는 'struct'을(를) 사용하여 형식 이름을 표시했는데 이제는 'class'을(를) 사용하여 표시합니다.
                 d:\@slam\1implementation\deepsight\lsd_slam_noros-master\lsd_slam\live_slam_wrapper.h(47) : 'lsd_slam::LiveSLAMWrapper' 선언을 참조하십시오.
     1>d:\@slam\1implementation\deepsight\lsd_slam_noros-master\build\3rd party\pcl\include\pcl\pcl_macros.h(72): warning C4005: '_USE_MATH_DEFINES' : 매크로 재정의
                 명령줄 인수 :  '_USE_MATH_DEFINES'의 이전 정의를 참조하십시오.
     1>d:\@slam\1implementation\deepsight\lsd_slam_noros-master\build\3rd party\pcl\include\pcl\point_traits.h : warning C4819: 현재 코드 페이지(949)에서 표시할 수 없는 문자가 파일에 들어 있습니다. 데이터가 손실되지 않게 하려면 해당 파일을 유니코드 형식으로 저장하십시오.
     1>d:\@slam\1implementation\deepsight\lsd_slam_noros-master\build\3rd party\pcl\include\flann\algorithms\dist.h : warning C4819: 현재 코드 페이지(949)에서 표시할 수 없는 문자가 파일에 들어 있습니다. 데이터가 손실되지 않게 하려면 해당 파일을 유니코드 형식으로 저장하십시오.
     1>d:\@slam\1implementation\deepsight\lsd_slam_noros-master\build\3rd party\pcl\include\pcl\visualization\interactor_style.h : warning C4819: 현재 코드 페이지(949)에서 표시할 수 없는 문자가 파일에 들어 있습니다. 데이터가 손실되지 않게 하려면 해당 파일을 유니코드 형식으로 저장하십시오.
     1>d:\@slam\1implementation\deepsight\lsd_slam_noros-master\build\3rd party\pcl\include\pcl\visualization\pcl_visualizer.h(1618): warning C4819: 현재 코드 페이지(949)에서 표시할 수 없는 문자가 파일에 들어 있습니다. 데이터가 손실되지 않게 하려면 해당 파일을 유니코드 형식으로 저장하십시오.
     1>"D:\@SLAM\1implementation\deepsight\lsd_slam_noros-master\build\apps\slam\sample_app.vcxproj" 프로젝트를 빌드했습니다(Build 대상). - 실패

빌드하지 못했습니다.

경과 시간: 00:00:08.05
