d:\@slam\lsd_slam_noros-master\build\lsd_slam\lsd_slam.dir\release\depth_map.obj
d:\@slam\lsd_slam_noros-master\build\lsd_slam\lsd_slam.dir\release\global_funcs.obj
d:\@slam\lsd_slam_noros-master\build\lsd_slam\lsd_slam.dir\release\trackable_key_frame_search.obj
d:\@slam\lsd_slam_noros-master\build\lsd_slam\lsd_slam.dir\release\sim3_tracker.obj
d:\@slam\lsd_slam_noros-master\build\lsd_slam\lsd_slam.dir\release\depth_map_pixel_hypothesis.obj
d:\@slam\lsd_slam_noros-master\build\lsd_slam\lsd_slam.dir\release\frame_pose_struct.obj
d:\@slam\lsd_slam_noros-master\build\lsd_slam\lsd_slam.dir\release\g2o_type_sim3_sophus.obj
d:\@slam\lsd_slam_noros-master\build\lsd_slam\lsd_slam.dir\release\tracking_reference.obj
d:\@slam\lsd_slam_noros-master\build\lsd_slam\lsd_slam.dir\release\timestamp.obj
d:\@slam\lsd_slam_noros-master\build\lsd_slam\lsd_slam.dir\release\opencvimagestreamthread.obj
d:\@slam\lsd_slam_noros-master\build\lsd_slam\lsd_slam.dir\release\frame_memory.obj
d:\@slam\lsd_slam_noros-master\build\lsd_slam\lsd_slam.dir\release\relocalizer.obj
d:\@slam\lsd_slam_noros-master\build\lsd_slam\lsd_slam.dir\release\fab_map.obj
d:\@slam\lsd_slam_noros-master\build\lsd_slam\lsd_slam.dir\release\least_squares.obj
d:\@slam\lsd_slam_noros-master\build\lsd_slam\lsd_slam.dir\release\settings.obj
d:\@slam\lsd_slam_noros-master\build\lsd_slam\lsd_slam.dir\release\sophus_util.obj
d:\@slam\lsd_slam_noros-master\build\lsd_slam\lsd_slam.dir\release\undistorter.obj
d:\@slam\lsd_slam_noros-master\build\lsd_slam\lsd_slam.dir\release\live_slam_wrapper.obj
d:\@slam\lsd_slam_noros-master\build\lsd_slam\lsd_slam.dir\release\slam_system.obj
d:\@slam\lsd_slam_noros-master\build\lsd_slam\lsd_slam.dir\release\imagedisplay_opencv.obj
d:\@slam\lsd_slam_noros-master\build\lsd_slam\lsd_slam.dir\release\frame.obj
d:\@slam\lsd_slam_noros-master\build\lsd_slam\lsd_slam.dir\release\se3_tracker.obj
d:\@slam\lsd_slam_noros-master\build\lsd_slam\lsd_slam.dir\release\key_frame_graph.obj
d:\@slam\1implementation\deepsight\lsd_slam_noros-master\build\lsd_slam\lsd_slam.dir\release\g2o_type_sim3_sophus.obj
d:\@slam\1implementation\deepsight\lsd_slam_noros-master\build\lsd_slam\lsd_slam.dir\release\relocalizer.obj
d:\@slam\1implementation\deepsight\lsd_slam_noros-master\build\lsd_slam\lsd_slam.dir\release\fab_map.obj
d:\@slam\1implementation\deepsight\lsd_slam_noros-master\build\lsd_slam\lsd_slam.dir\release\least_squares.obj
d:\@slam\1implementation\deepsight\lsd_slam_noros-master\build\lsd_slam\lsd_slam.dir\release\settings.obj
d:\@slam\1implementation\deepsight\lsd_slam_noros-master\build\lsd_slam\lsd_slam.dir\release\sophus_util.obj
d:\@slam\1implementation\deepsight\lsd_slam_noros-master\build\lsd_slam\lsd_slam.dir\release\undistorter.obj
d:\@slam\1implementation\deepsight\lsd_slam_noros-master\build\lsd_slam\lsd_slam.dir\release\live_slam_wrapper.obj
d:\@slam\1implementation\deepsight\lsd_slam_noros-master\build\lsd_slam\lsd_slam.dir\release\trackable_key_frame_search.obj
d:\@slam\1implementation\deepsight\lsd_slam_noros-master\build\lsd_slam\lsd_slam.dir\release\sim3_tracker.obj
d:\@slam\1implementation\deepsight\lsd_slam_noros-master\build\lsd_slam\lsd_slam.dir\release\timestamp.obj
d:\@slam\1implementation\deepsight\lsd_slam_noros-master\build\lsd_slam\lsd_slam.dir\release\opencvimagestreamthread.obj
d:\@slam\1implementation\deepsight\lsd_slam_noros-master\build\lsd_slam\lsd_slam.dir\release\frame_memory.obj
d:\@slam\1implementation\deepsight\lsd_slam_noros-master\build\lsd_slam\lsd_slam.dir\release\se3_tracker.obj
d:\@slam\1implementation\deepsight\lsd_slam_noros-master\build\lsd_slam\lsd_slam.dir\release\depth_map_pixel_hypothesis.obj
d:\@slam\1implementation\deepsight\lsd_slam_noros-master\build\lsd_slam\lsd_slam.dir\release\frame_pose_struct.obj
d:\@slam\1implementation\deepsight\lsd_slam_noros-master\build\lsd_slam\lsd_slam.dir\release\depth_map.obj
d:\@slam\1implementation\deepsight\lsd_slam_noros-master\build\lsd_slam\lsd_slam.dir\release\tracking_reference.obj
d:\@slam\1implementation\deepsight\lsd_slam_noros-master\build\lsd_slam\lsd_slam.dir\release\imagedisplay_opencv.obj
d:\@slam\1implementation\deepsight\lsd_slam_noros-master\build\lsd_slam\lsd_slam.dir\release\frame.obj
d:\@slam\1implementation\deepsight\lsd_slam_noros-master\build\lsd_slam\lsd_slam.dir\release\global_funcs.obj
d:\@slam\1implementation\deepsight\lsd_slam_noros-master\build\lsd_slam\lsd_slam.dir\release\key_frame_graph.obj
d:\@slam\1implementation\deepsight\lsd_slam_noros-master\build\lsd_slam\lsd_slam.dir\release\slam_system.obj
d:\@slam\lsd_slam_noros-master\lib\lsd_slam.lib
d:\@slam\1implementation\deepsight\lsd_slam_noros-master\lib\lsd_slam.lib
d:\@slam\1implementation\deepsight\lsd_slam_noros-master\build\lsd_slam\../../lib\lsd_slam.lib
d:\@slam\1implementation\deepsight\lsd_slam_noros-master\build\lsd_slam\lsd_slam.dir\release\lsd_slam.tlog\cl.command.1.tlog
d:\@slam\1implementation\deepsight\lsd_slam_noros-master\build\lsd_slam\lsd_slam.dir\release\lsd_slam.tlog\cl.read.1.tlog
d:\@slam\1implementation\deepsight\lsd_slam_noros-master\build\lsd_slam\lsd_slam.dir\release\lsd_slam.tlog\cl.write.1.tlog
d:\@slam\1implementation\deepsight\lsd_slam_noros-master\build\lsd_slam\lsd_slam.dir\release\lsd_slam.tlog\lib-link.read.1.tlog
d:\@slam\1implementation\deepsight\lsd_slam_noros-master\build\lsd_slam\lsd_slam.dir\release\lsd_slam.tlog\lib-link.write.1.tlog
d:\@slam\1implementation\deepsight\lsd_slam_noros-master\build\lsd_slam\lsd_slam.dir\release\lsd_slam.tlog\lib.command.1.tlog
