빌드 시작: 2017-06-27 오후 4:23:26
     1>2 노드의 "D:\@SLAM\lsd_slam_noros-master\build\lsd_slam\lsd_slam.vcxproj" 프로젝트(Build 대상)입니다.
     1>C:\Program Files (x86)\MSBuild\12.0\bin\Microsoft.Common.CurrentVersion.targets(1430,5): warning : The referenced project 'C:/Users/ChurWoong/Desktop/lsd_slam_noros-master/build/thirdparty/openFabMap/openFABMAP.vcxproj' does not exist.
     1>C:\Program Files (x86)\MSBuild\Microsoft.Cpp\v4.0\V120\Microsoft.CppBuild.targets(357,5): warning MSB8004: Output Directory does not end with a trailing slash.  This build instance will add the slash as it is required to allow proper evaluation of the Output Directory.
     1>Lib:
         C:\Program Files (x86)\Microsoft Visual Studio 12.0\VC\bin\Lib.exe /OUT:"../../lib\lsd_slam.lib" /NOLOGO  /machine:X86 lsd_slam.dir\Release\depth_map.obj
         lsd_slam.dir\Release\depth_map_pixel_hypothesis.obj
         lsd_slam.dir\Release\fab_map.obj
         lsd_slam.dir\Release\g2o_type_sim3_sophus.obj
         lsd_slam.dir\Release\key_frame_graph.obj
         lsd_slam.dir\Release\trackable_key_frame_search.obj
         lsd_slam.dir\Release\ImageDisplay_OpenCV.obj
         lsd_slam.dir\Release\timestamp.obj
         lsd_slam.dir\Release\OpenCVImageStreamThread.obj
         lsd_slam.dir\Release\frame.obj
         lsd_slam.dir\Release\frame_memory.obj
         lsd_slam.dir\Release\frame_pose_struct.obj
         lsd_slam.dir\Release\least_squares.obj
         lsd_slam.dir\Release\relocalizer.obj
         lsd_slam.dir\Release\se3_tracker.obj
         lsd_slam.dir\Release\sim3_tracker.obj
         lsd_slam.dir\Release\tracking_reference.obj
         lsd_slam.dir\Release\global_funcs.obj
         lsd_slam.dir\Release\settings.obj
         lsd_slam.dir\Release\sophus_util.obj
         lsd_slam.dir\Release\undistorter.obj
         lsd_slam.dir\Release\live_slam_wrapper.obj
         lsd_slam.dir\Release\slam_system.obj
         lsd_slam.vcxproj -> D:\@SLAM\lsd_slam_noros-master\build\lsd_slam\../../lib\lsd_slam.lib
     1>"D:\@SLAM\lsd_slam_noros-master\build\lsd_slam\lsd_slam.vcxproj" 프로젝트를 빌드했습니다(Build 대상).

빌드했습니다.

경과 시간: 00:00:00.39
