d:\@slam\lsd_slam_noros-master\build\lsd_slam\lsd_slam.dir\debug\fab_map.obj
d:\@slam\lsd_slam_noros-master\build\lsd_slam\lsd_slam.dir\debug\relocalizer.obj
d:\@slam\lsd_slam_noros-master\build\lsd_slam\lsd_slam.dir\debug\key_frame_graph.obj
d:\@slam\lsd_slam_noros-master\build\lsd_slam\lsd_slam.dir\debug\trackable_key_frame_search.obj
d:\@slam\lsd_slam_noros-master\build\lsd_slam\lsd_slam.dir\debug\se3_tracker.obj
d:\@slam\lsd_slam_noros-master\build\lsd_slam\lsd_slam.dir\debug\depth_map_pixel_hypothesis.obj
d:\@slam\lsd_slam_noros-master\build\lsd_slam\lsd_slam.dir\debug\least_squares.obj
d:\@slam\lsd_slam_noros-master\build\lsd_slam\lsd_slam.dir\debug\global_funcs.obj
d:\@slam\lsd_slam_noros-master\build\lsd_slam\lsd_slam.dir\debug\timestamp.obj
d:\@slam\lsd_slam_noros-master\build\lsd_slam\lsd_slam.dir\debug\opencvimagestreamthread.obj
d:\@slam\lsd_slam_noros-master\build\lsd_slam\lsd_slam.dir\debug\frame_memory.obj
d:\@slam\lsd_slam_noros-master\build\lsd_slam\lsd_slam.dir\debug\sim3_tracker.obj
d:\@slam\lsd_slam_noros-master\build\lsd_slam\lsd_slam.dir\debug\depth_map.obj
d:\@slam\lsd_slam_noros-master\build\lsd_slam\lsd_slam.dir\debug\settings.obj
d:\@slam\lsd_slam_noros-master\build\lsd_slam\lsd_slam.dir\debug\sophus_util.obj
d:\@slam\lsd_slam_noros-master\build\lsd_slam\lsd_slam.dir\debug\undistorter.obj
d:\@slam\lsd_slam_noros-master\build\lsd_slam\lsd_slam.dir\debug\live_slam_wrapper.obj
d:\@slam\lsd_slam_noros-master\build\lsd_slam\lsd_slam.dir\debug\slam_system.obj
d:\@slam\lsd_slam_noros-master\build\lsd_slam\lsd_slam.dir\debug\imagedisplay_opencv.obj
d:\@slam\lsd_slam_noros-master\build\lsd_slam\lsd_slam.dir\debug\frame.obj
d:\@slam\lsd_slam_noros-master\build\lsd_slam\lsd_slam.dir\debug\tracking_reference.obj
d:\@slam\lsd_slam_noros-master\build\lsd_slam\lsd_slam.dir\debug\g2o_type_sim3_sophus.obj
d:\@slam\lsd_slam_noros-master\build\lsd_slam\lsd_slam.dir\debug\frame_pose_struct.obj
d:\@slam\lsd_slam_noros-master\build\lsd_slam\lsd_slam.dir\debug\vc120.pdb
d:\@slam\lib\lsd_slam_d.lib
d:\@slam\lsd_slam_noros-master\build\lsd_slam\../../../lib\lsd_slam_d.lib
d:\@slam\lsd_slam_noros-master\build\lsd_slam\lsd_slam.dir\debug\lsd_slam.tlog\cl.command.1.tlog
d:\@slam\lsd_slam_noros-master\build\lsd_slam\lsd_slam.dir\debug\lsd_slam.tlog\cl.read.1.tlog
d:\@slam\lsd_slam_noros-master\build\lsd_slam\lsd_slam.dir\debug\lsd_slam.tlog\cl.write.1.tlog
d:\@slam\lsd_slam_noros-master\build\lsd_slam\lsd_slam.dir\debug\lsd_slam.tlog\lib-link.read.1.tlog
d:\@slam\lsd_slam_noros-master\build\lsd_slam\lsd_slam.dir\debug\lsd_slam.tlog\lib-link.write.1.tlog
d:\@slam\lsd_slam_noros-master\build\lsd_slam\lsd_slam.dir\debug\lsd_slam.tlog\lib.command.1.tlog
